#
# There is insufficient memory for the Java Runtime Environment to continue.
# Native memory allocation (mmap) failed to map 264241152 bytes for G1 virtual space
# Possible reasons:
#   The system is out of physical RAM or swap space
#   The process is running with CompressedOops enabled, and the Java Heap may be blocking the growth of the native heap
# Possible solutions:
#   Reduce memory load on the system
#   Increase physical memory or swap space
#   Check if swap backing store is full
#   Decrease Java heap size (-Xmx/-Xms)
#   Decrease number of Java threads
#   Decrease Java thread stack sizes (-Xss)
#   Set larger code cache with -XX:ReservedCodeCacheSize=
#   JVM is running with Zero Based Compressed Oops mode in which the Java heap is
#     placed in the first 32GB address space. The Java Heap base address is the
#     maximum limit for the native heap growth. Please use -XX:HeapBaseMinAddress
#     to set the Java Heap base and to place the Java Heap above 32GB virtual address.
# This output file may be truncated or incomplete.
#
#  Out of Memory Error (os_windows.cpp:3769), pid=22128, tid=20004
#
# JRE version:  (17.0.6) (build )
# Java VM: OpenJDK 64-Bit Server VM (17.0.6+0-b2043.56-10027231, mixed mode, sharing, tiered, compressed oops, compressed class ptrs, g1 gc, windows-amd64)
# No core dump will be written. Minidumps are not enabled by default on client versions of Windows
#

---------------  S U M M A R Y ------------

Command Line: 

Host: 11th Gen Intel(R) Core(TM) i5-11320H @ 3.20GHz, 8 cores, 15G,  Windows 11 , 64 bit Build 22621 (10.0.22621.4391)
Time: Mon Feb  3 15:03:56 2025 India Standard Time elapsed time: 0.050293 seconds (0d 0h 0m 0s)

---------------  T H R E A D  ---------------

Current thread (0x0000023429fa1c40):  JavaThread "Unknown thread" [_thread_in_vm, id=20004, stack(0x0000006394400000,0x0000006394500000)]

Stack: [0x0000006394400000,0x0000006394500000]
Native frames: (J=compiled Java code, j=interpreted, Vv=VM code, C=native code)
V  [jvm.dll+0x683c9a]
V  [jvm.dll+0x8427a4]
V  [jvm.dll+0x843f9e]
V  [jvm.dll+0x844603]
V  [jvm.dll+0x249b75]
V  [jvm.dll+0x680b69]
V  [jvm.dll+0x67505a]
V  [jvm.dll+0x309acb]
V  [jvm.dll+0x310f86]
V  [jvm.dll+0x3608ee]
V  [jvm.dll+0x360b1f]
V  [jvm.dll+0x2dfbf8]
V  [jvm.dll+0x2e0b64]
V  [jvm.dll+0x814091]
V  [jvm.dll+0x36e6a1]
V  [jvm.dll+0x7f35cc]
V  [jvm.dll+0x3f0e8f]
V  [jvm.dll+0x3f29d1]
C  [jli.dll+0x526b]
C  [ucrtbase.dll+0x29333]
C  [KERNEL32.DLL+0x1259d]
C  [ntdll.dll+0x5af38]


---------------  P R O C E S S  ---------------

Threads class SMR info:
_java_thread_list=0x00007ffdb4aec058, length=0, elements={
}

Java Threads: ( => current thread )

Other Threads:
  0x000002342a00d0c0 GCTaskThread "GC Thread#0" [stack: 0x0000006394500000,0x0000006394600000] [id=14364]
  0x000002342a01dc00 ConcurrentGCThread "G1 Main Marker" [stack: 0x0000006394600000,0x0000006394700000] [id=17048]
  0x000002342a01e610 ConcurrentGCThread "G1 Conc#0" [stack: 0x0000006394700000,0x0000006394800000] [id=13728]

[error occurred during error reporting (printing all threads), id 0xc0000005, EXCEPTION_ACCESS_VIOLATION (0xc0000005) at pc=0x00007ffdb42a0797]

VM state: not at safepoint (not fully initialized)

VM Mutex/Monitor currently owned by a thread:  ([mutex/lock_event])
[0x0000023429f9df50] Heap_lock - owner thread: 0x0000023429fa1c40

Heap address: 0x0000000704000000, size: 4032 MB, Compressed Oops mode: Zero based, Oop shift amount: 3

CDS archive(s) mapped at: [0x0000000000000000-0x0000000000000000-0x0000000000000000), size 0, SharedBaseAddress: 0x0000000800000000, ArchiveRelocationMode: 0.
Narrow klass base: 0x0000000000000000, Narrow klass shift: 0, Narrow klass range: 0x0

GC Precious Log:
<Empty>

Heap:
 garbage-first heap   total 0K, used 0K [0x0000000704000000, 0x0000000800000000)
  region size 2048K, 0 young (0K), 0 survivors (0K)

[error occurred during error reporting (printing heap information), id 0xc0000005, EXCEPTION_ACCESS_VIOLATION (0xc0000005) at pc=0x00007ffdb468da89]

GC Heap History (0 events):
No events

Dll operation events (1 events):
Event: 0.031 Loaded shared library C:\Program Files\Android\Android Studio1\jbr\bin\java.dll

Deoptimization events (0 events):
No events

Classes unloaded (0 events):
No events

Classes redefined (0 events):
No events

Internal exceptions (0 events):
No events

VM Operations (0 events):
No events

Events (0 events):
No events


Dynamic libraries:
0x00007ff6d6090000 - 0x00007ff6d609a000 	C:\Program Files\Android\Android Studio1\jbr\bin\java.EXE
0x00007ffe71670000 - 0x00007ffe71887000 	C:\WINDOWS\SYSTEM32\ntdll.dll
0x00007ffe704f0000 - 0x00007ffe705b4000 	C:\WINDOWS\System32\KERNEL32.DLL
0x00007ffe6ee40000 - 0x00007ffe6f1f9000 	C:\WINDOWS\System32\KERNELBASE.dll
0x00007ffe6ed20000 - 0x00007ffe6ee31000 	C:\WINDOWS\System32\ucrtbase.dll
0x00007ffe28ae0000 - 0x00007ffe28af7000 	C:\Program Files\Android\Android Studio1\jbr\bin\jli.dll
0x00007ffe24bf0000 - 0x00007ffe24c0b000 	C:\Program Files\Android\Android Studio1\jbr\bin\VCRUNTIME140.dll
0x00007ffe71480000 - 0x00007ffe7162e000 	C:\WINDOWS\System32\USER32.dll
0x00007ffe6eb00000 - 0x00007ffe6eb26000 	C:\WINDOWS\System32\win32u.dll
0x00007ffe70aa0000 - 0x00007ffe70ac9000 	C:\WINDOWS\System32\GDI32.dll
0x00007ffe6f270000 - 0x00007ffe6f38b000 	C:\WINDOWS\System32\gdi32full.dll
0x00007ffe6ea60000 - 0x00007ffe6eafa000 	C:\WINDOWS\System32\msvcp_win.dll
0x00007ffe6dcb0000 - 0x00007ffe6df42000 	C:\WINDOWS\WinSxS\amd64_microsoft.windows.common-controls_6595b64144ccf1df_6.0.22621.4391_none_2715d37f73803e96\COMCTL32.dll
0x00007ffe6ff70000 - 0x00007ffe70017000 	C:\WINDOWS\System32\msvcrt.dll
0x00007ffe703b0000 - 0x00007ffe703e1000 	C:\WINDOWS\System32\IMM32.DLL
0x00007ffe28ad0000 - 0x00007ffe28adc000 	C:\Program Files\Android\Android Studio1\jbr\bin\vcruntime140_1.dll
0x00007ffe24b60000 - 0x00007ffe24bed000 	C:\Program Files\Android\Android Studio1\jbr\bin\msvcp140.dll
0x00007ffdb3fb0000 - 0x00007ffdb4c1e000 	C:\Program Files\Android\Android Studio1\jbr\bin\server\jvm.dll
0x00007ffe70670000 - 0x00007ffe70722000 	C:\WINDOWS\System32\ADVAPI32.dll
0x00007ffe71170000 - 0x00007ffe71217000 	C:\WINDOWS\System32\sechost.dll
0x00007ffe6e970000 - 0x00007ffe6e998000 	C:\WINDOWS\System32\bcrypt.dll
0x00007ffe6fdf0000 - 0x00007ffe6ff04000 	C:\WINDOWS\System32\RPCRT4.dll
0x00007ffe4faa0000 - 0x00007ffe4faa9000 	C:\WINDOWS\SYSTEM32\WSOCK32.dll
0x00007ffe713e0000 - 0x00007ffe71451000 	C:\WINDOWS\System32\WS2_32.dll
0x00007ffe6b0b0000 - 0x00007ffe6b0e4000 	C:\WINDOWS\SYSTEM32\WINMM.dll
0x00007ffe646b0000 - 0x00007ffe646ba000 	C:\WINDOWS\SYSTEM32\VERSION.dll
0x00007ffe6d340000 - 0x00007ffe6d358000 	C:\WINDOWS\SYSTEM32\kernel.appcore.dll
0x00007ffe28660000 - 0x00007ffe2866a000 	C:\Program Files\Android\Android Studio1\jbr\bin\jimage.dll
0x00007ffe6e2d0000 - 0x00007ffe6e502000 	C:\WINDOWS\SYSTEM32\DBGHELP.DLL
0x00007ffe70020000 - 0x00007ffe703af000 	C:\WINDOWS\System32\combase.dll
0x00007ffe707b0000 - 0x00007ffe70887000 	C:\WINDOWS\System32\OLEAUT32.dll
0x00007ffe6e150000 - 0x00007ffe6e182000 	C:\WINDOWS\SYSTEM32\dbgcore.DLL
0x00007ffe6eca0000 - 0x00007ffe6ed1b000 	C:\WINDOWS\System32\bcryptPrimitives.dll
0x00007ffe24b30000 - 0x00007ffe24b55000 	C:\Program Files\Android\Android Studio1\jbr\bin\java.dll

dbghelp: loaded successfully - version: 4.0.5 - missing functions: none
symbol engine: initialized successfully - sym options: 0x614 - pdb path: .;C:\Program Files\Android\Android Studio1\jbr\bin;C:\WINDOWS\SYSTEM32;C:\WINDOWS\WinSxS\amd64_microsoft.windows.common-controls_6595b64144ccf1df_6.0.22621.4391_none_2715d37f73803e96;C:\Program Files\Android\Android Studio1\jbr\bin\server

VM Arguments:
java_command: <unknown>
java_class_path (initial): <not set>
Launcher Type: SUN_STANDARD

[Global flags]
     intx CICompilerCount                          = 4                                         {product} {ergonomic}
     uint ConcGCThreads                            = 2                                         {product} {ergonomic}
     uint G1ConcRefinementThreads                  = 8                                         {product} {ergonomic}
   size_t G1HeapRegionSize                         = 2097152                                   {product} {ergonomic}
    uintx GCDrainStackTargetSize                   = 64                                        {product} {ergonomic}
   size_t InitialHeapSize                          = 264241152                                 {product} {ergonomic}
   size_t MarkStackSize                            = 4194304                                   {product} {ergonomic}
   size_t MaxHeapSize                              = 4227858432                                {product} {ergonomic}
   size_t MinHeapDeltaBytes                        = 2097152                                   {product} {ergonomic}
   size_t MinHeapSize                              = 8388608                                   {product} {ergonomic}
    uintx NonNMethodCodeHeapSize                   = 5839372                                {pd product} {ergonomic}
    uintx NonProfiledCodeHeapSize                  = 122909434                              {pd product} {ergonomic}
    uintx ProfiledCodeHeapSize                     = 122909434                              {pd product} {ergonomic}
    uintx ReservedCodeCacheSize                    = 251658240                              {pd product} {ergonomic}
     bool SegmentedCodeCache                       = true                                      {product} {ergonomic}
   size_t SoftMaxHeapSize                          = 4227858432                             {manageable} {ergonomic}
     bool UseCompressedClassPointers               = true                           {product lp64_product} {ergonomic}
     bool UseCompressedOops                        = true                           {product lp64_product} {ergonomic}
     bool UseG1GC                                  = true                                      {product} {ergonomic}
     bool UseLargePagesIndividualAllocation        = false                                  {pd product} {ergonomic}

Logging:
Log output configuration:
 #0: stdout all=warning uptime,level,tags
 #1: stderr all=off uptime,level,tags

Environment Variables:
JAVA_HOME=C:\Program Files\Android\Android Studio1\jbr
PATH=C:\Program Files\Android\Android Studio1\jbr\bin;C:\Program Files (x86)\Common Files\Oracle\Java\java8path;C:\Program Files (x86)\Common Files\Oracle\Java\javapath;C:\Windows\system32;C:\Windows;C:\Windows\System32\Wbem;C:\Windows\System32\WindowsPowerShell\v1.0\;C:\Windows\System32\OpenSSH\;C:\Program Files\NVIDIA Corporation\NVIDIA NvDLISR;C:\Program Files\dotnet\;C:\WINDOWS\system32;C:\WINDOWS;C:\WINDOWS\System32\Wbem;C:\WINDOWS\System32\WindowsPowerShell\v1.0\;C:\WINDOWS\System32\OpenSSH\;C:\TDM-GCC-32\bin;C:\Program Files (x86)\National Instruments\Shared\LabVIEW CLI;C:\Program Files (x86)\NVIDIA Corporation\PhysX\Common;C:\src\flutter\bin;C:\Program Files\MongoDB\Server\mongodb-win32-x86_64-windows-7.0.4-rc0\bin;C:\Program Files\Git\cmd;C:\Program Files\nodejs\;C:\ProgramData\chocolatey\bin;C:\Users\Dell\AppData\Roaming\npm;C:\Users\Dell\AppData\Local\Pub\Cache\bin;%JAVA_HOME%\bin;C:\Program Files (x86)\Common Files\Oracle\Java\java8path;C:\Program Files (x86)\Common Files\Oracle\Java\javapath;C:\Windows\system32;C:\Windows;C:\Windows\System32\Wbem;C:\Windows\System32\WindowsPowerShell\v1.0\;C:\Windows\System32\OpenSSH\;C:\Program Files\NVIDIA Corporation\NVIDIA NvDLISR;C:\Program Files\dotnet\;C:\WINDOWS\system32;C:\WINDOWS;C:\WINDOWS\System32\Wbem;C:\WINDOWS\System32\WindowsPowerShell\v1.0\;C:\WINDOWS\System32\OpenSSH\;C:\TDM-GCC-32\bin;C:\Program Files (x86)\National Instruments\Shared\LabVIEW CLI;C:\Program Files (x86)\NVIDIA Corporation\PhysX\Common;C:\src\flutter\bin;C:\Program Files\MongoDB\Server\mongodb-win32-x86_64-windows-7.0.4-rc0\bin;C:\Program Files\Git\cmd;C:\Program Files\nodejs\;C:\ProgramData\chocolatey\bin;C:\Users\Dell\AppData\Roaming\npm;C:\Users\Dell\AppData\Local\Pub\Cache\bin;%JAVA_HOME%\bin;;C:\Users\dell\AppData\Local\Pub\Cache\bin;C:\Users\Dell\AppData\Local\Programs\Microsoft VS Code\bin;C:\Program Files\Java\jre-1.8\bin;C:\Program Files\Java\jre-1.8\bin;;C:\src\flutter\bin\mingit\cmd;C:\src\flutter\bin\mingit\cmd
USERNAME=Dell
OS=Windows_NT
PROCESSOR_IDENTIFIER=Intel64 Family 6 Model 140 Stepping 2, GenuineIntel
TMP=C:\Users\Dell\AppData\Local\Temp
TEMP=C:\Users\Dell\AppData\Local\Temp


JNI global refs:

[error occurred during error reporting (JNI global references), id 0xc0000005, EXCEPTION_ACCESS_VIOLATION (0xc0000005) at pc=0x00007ffdb4067a10]


---------------  S Y S T E M  ---------------

OS:
 Windows 11 , 64 bit Build 22621 (10.0.22621.4391)
OS uptime: 0 days 18:44 hours
Hyper-V role detected

CPU: total 8 (initial active 8) (4 cores per cpu, 2 threads per core) family 6 model 140 stepping 2 microcode 0x16, cx8, cmov, fxsr, ht, mmx, 3dnowpref, sse, sse2, sse3, ssse3, sse4.1, sse4.2, popcnt, lzcnt, tsc, tscinvbit, avx, avx2, aes, erms, clmul, bmi1, bmi2, adx, avx512f, avx512dq, avx512cd, avx512bw, avx512vl, sha, fma, vzeroupper, avx512_vpopcntdq, avx512_vpclmulqdq, avx512_vaes, avx512_vnni, clflush, clflushopt, clwb, avx512_vbmi2, avx512_vbmi, hv

Memory: 4k page, system-wide physical 16122M (434M free)
TotalPageFile size 31747M (AvailPageFile size 170M)
current process WorkingSet (physical memory assigned to process): 11M, peak: 11M
current process commit charge ("private bytes"): 60M, peak: 312M

vm_info: OpenJDK 64-Bit Server VM (17.0.6+0-b2043.56-10027231) for windows-amd64 JRE (17.0.6+0-b2043.56-10027231), built on Apr 28 2023 00:43:19 by "androidbuild" with MS VC++ 16.10 / 16.11 (VS2019)

END.
